[INFO ] 2019-05-28 01:03:36.153 [main] TestFunctionalities - Validating if the Navigation Bar is displayed or not
[INFO ] 2019-05-28 01:03:36.178 [main] TestFunctionalities - Validating if the Corporate Tab is displayed or not
[INFO ] 2019-05-28 01:03:36.200 [main] TestFunctionalities - Validating if the Corporate Tab is displayed or not
[INFO ] 2019-05-28 01:03:36.223 [main] TestFunctionalities - Validating if the International Tab is displayed or not
[INFO ] 2019-05-28 01:03:36.247 [main] TestFunctionalities - Validating if the Corporate Tab is displayed or not
[INFO ] 2019-05-28 01:03:36.271 [main] TestFunctionalities - Validating if the Corporate Tab is displayed or not
[INFO ] 2019-05-28 01:03:36.297 [main] TestFunctionalities - Validating if the Corporate Tab is displayed or not
[INFO ] 2019-05-28 01:03:36.335 [main] TestFunctionalities - Validating if the Corporate Tab is displayed or not
[INFO ] 2019-05-28 01:03:36.368 [main] TestFunctionalities - Validating if the Corporate Tab is displayed or not
[INFO ] 2019-05-28 01:03:36.393 [main] TestFunctionalities - Validating if the Corporate Tab is displayed or not
[INFO ] 2019-05-28 01:04:37.893 [main] TestFunctionalities - Validating if the Navigation Bar is displayed or not
[INFO ] 2019-05-28 01:04:37.917 [main] TestFunctionalities - Validating if the Corporate Tab is displayed or not
[INFO ] 2019-05-28 01:04:37.938 [main] TestFunctionalities - Validating if the Corporate Tab is displayed or not
[INFO ] 2019-05-28 01:04:37.960 [main] TestFunctionalities - Validating if the International Tab is displayed or not
[INFO ] 2019-05-28 01:04:37.982 [main] TestFunctionalities - Validating if the Corporate Tab is displayed or not
[INFO ] 2019-05-28 01:04:38.003 [main] TestFunctionalities - Validating if the Corporate Tab is displayed or not
[INFO ] 2019-05-28 01:04:38.024 [main] TestFunctionalities - Validating if the Corporate Tab is displayed or not
[INFO ] 2019-05-28 01:04:38.047 [main] TestFunctionalities - Validating if the Corporate Tab is displayed or not
[INFO ] 2019-05-28 01:04:38.074 [main] TestFunctionalities - Validating if the Corporate Tab is displayed or not
[INFO ] 2019-05-28 01:04:38.101 [main] TestFunctionalities - Validating if the Corporate Tab is displayed or not
[INFO ] 2019-05-28 01:14:28.211 [main] TestFunctionalities - Validating Mashreq News section in Homepage
[INFO ] 2019-05-28 01:14:38.955 [main] TestFunctionalities - Validating if the Navigation Bar is displayed or not
[INFO ] 2019-05-28 01:14:38.976 [main] TestFunctionalities - Validating if the Corporate Tab is displayed or not
[INFO ] 2019-05-28 01:14:38.997 [main] TestFunctionalities - Validating if the Business Tab is displayed or not
[INFO ] 2019-05-28 01:14:39.018 [main] TestFunctionalities - Validating if the International Tab is displayed or not
[INFO ] 2019-05-28 01:14:39.040 [main] TestFunctionalities - Validating if the Private Banking Tab is displayed or not
[INFO ] 2019-05-28 01:14:39.062 [main] TestFunctionalities - Validating if the Al Islami Tab is displayed or not
[INFO ] 2019-05-28 01:14:39.084 [main] TestFunctionalities - Validating if the Gold Tab is displayed or not
[INFO ] 2019-05-28 01:14:39.105 [main] TestFunctionalities - Validating if the Mashreq Securities Tab is displayed or not
[INFO ] 2019-05-28 01:14:39.128 [main] TestFunctionalities - Validating if the Mashreq Capital Tab is displayed or not
[INFO ] 2019-05-28 01:14:39.154 [main] TestFunctionalities - Validating if the Mashreq Global Services Tab is displayed or not
[INFO ] 2019-05-28 01:20:24.258 [main] TestFunctionalities - Validating Mashreq News section in Homepage
[INFO ] 2019-05-28 01:20:24.285 [main] TestFunctionalities - Validating News Inner section in Homepage
[INFO ] 2019-05-28 01:38:51.094 [main] TestFunctionalities - Validating Contact-Us section in Homepage
[INFO ] 2019-05-28 01:38:51.177 [main] TestFunctionalities - Click on Submit button
[INFO ] 2019-05-28 01:39:06.344 [main] TestFunctionalities - Validating Mashreq News section in Homepage
[INFO ] 2019-05-28 01:39:11.302 [main] TestFunctionalities - Validating if the Navigation Bar is displayed or not
[INFO ] 2019-05-28 01:39:11.324 [main] TestFunctionalities - Validating if the Corporate Tab is displayed or not
[INFO ] 2019-05-28 01:39:11.348 [main] TestFunctionalities - Validating if the Business Tab is displayed or not
[INFO ] 2019-05-28 01:39:11.371 [main] TestFunctionalities - Validating if the International Tab is displayed or not
[INFO ] 2019-05-28 01:39:11.394 [main] TestFunctionalities - Validating if the Private Banking Tab is displayed or not
[INFO ] 2019-05-28 01:39:11.417 [main] TestFunctionalities - Validating if the Al Islami Tab is displayed or not
[INFO ] 2019-05-28 01:39:11.440 [main] TestFunctionalities - Validating if the Gold Tab is displayed or not
[INFO ] 2019-05-28 01:39:11.461 [main] TestFunctionalities - Validating if the Mashreq Securities Tab is displayed or not
[INFO ] 2019-05-28 01:39:11.488 [main] TestFunctionalities - Validating if the Mashreq Capital Tab is displayed or not
[INFO ] 2019-05-28 01:39:11.512 [main] TestFunctionalities - Validating if the Mashreq Global Services Tab is displayed or not
[INFO ] 2019-05-28 09:03:20.058 [main] TestFunctionalities - Click on Submit button
[INFO ] 2019-05-28 09:03:20.423 [main] TestFunctionalities - Click on Submit button
[INFO ] 2019-05-28 09:04:52.025 [main] TestFunctionalities - Click on Submit button
[INFO ] 2019-05-28 09:04:52.359 [main] TestFunctionalities - Click on Submit button
[INFO ] 2019-05-28 09:04:52.384 [main] TestFunctionalities - Click on Submit button
[INFO ] 2019-05-28 09:04:56.024 [main] TestFunctionalities - Validating Contact-Us section in Homepage
[INFO ] 2019-05-28 09:04:56.096 [main] TestFunctionalities - Click on Submit button
[INFO ] 2019-05-28 09:05:01.505 [main] TestFunctionalities - Validating Mashreq News section in Homepage
[INFO ] 2019-05-28 09:05:06.503 [main] TestFunctionalities - Validating if the Navigation Bar is displayed or not
[INFO ] 2019-05-28 09:05:06.524 [main] TestFunctionalities - Validating if the Corporate Tab is displayed or not
[INFO ] 2019-05-28 09:05:06.542 [main] TestFunctionalities - Validating if the Business Tab is displayed or not
[INFO ] 2019-05-28 09:05:06.560 [main] TestFunctionalities - Validating if the International Tab is displayed or not
[INFO ] 2019-05-28 09:05:06.582 [main] TestFunctionalities - Validating if the Private Banking Tab is displayed or not
[INFO ] 2019-05-28 09:05:06.601 [main] TestFunctionalities - Validating if the Al Islami Tab is displayed or not
[INFO ] 2019-05-28 09:05:06.622 [main] TestFunctionalities - Validating if the Gold Tab is displayed or not
[INFO ] 2019-05-28 09:05:06.642 [main] TestFunctionalities - Validating if the Mashreq Securities Tab is displayed or not
[INFO ] 2019-05-28 09:05:06.663 [main] TestFunctionalities - Validating if the Mashreq Capital Tab is displayed or not
[INFO ] 2019-05-28 09:05:06.683 [main] TestFunctionalities - Validating if the Mashreq Global Services Tab is displayed or not
[INFO ] 2019-05-28 09:31:34.871 [main] TestFunctionalities - Click on Contact Us link
[INFO ] 2019-05-28 09:31:35.234 [main] TestFunctionalities - Click on Submit button
[INFO ] 2019-05-28 09:31:35.257 [main] TestFunctionalities - Validating the no. of Mandatory fields
[INFO ] 2019-05-28 09:33:26.444 [main] TestFunctionalities - Click on Contact Us link
[INFO ] 2019-05-28 09:33:26.885 [main] TestFunctionalities - Click on Contact Us link
[INFO ] 2019-05-28 09:34:50.059 [main] TestFunctionalities - Click on Contact Us link
[INFO ] 2019-05-28 09:34:50.430 [main] TestFunctionalities - Click on Contact Us link
[INFO ] 2019-05-28 09:36:53.441 [main] TestFunctionalities - Click on Contact Us link
[INFO ] 2019-05-28 09:36:53.789 [main] TestFunctionalities - Click on Contact Us link
[INFO ] 2019-05-28 09:39:00.107 [main] TestFunctionalities - Click on Contact Us link
[INFO ] 2019-05-28 09:39:00.411 [main] TestFunctionalities - Click on Contact Us link
[INFO ] 2019-05-28 09:48:29.996 [main] TestFunctionalities - Click on Contact Us link
[INFO ] 2019-05-28 09:48:30.324 [main] TestFunctionalities - Click on Contact Us link
[INFO ] 2019-05-28 09:50:29.959 [main] TestFunctionalities - Click on Contact Us link
[INFO ] 2019-05-28 09:51:01.922 [main] TestFunctionalities - Click on Contact Us link
[INFO ] 2019-05-28 09:51:02.929 [main] TestFunctionalities - Click on Contact Us link
[INFO ] 2019-05-28 09:51:24.370 [main] TestFunctionalities - Click on Contact Us link
[INFO ] 2019-05-28 09:51:24.704 [main] TestFunctionalities - Click on Contact Us link
[INFO ] 2019-05-28 09:58:54.988 [main] TestFunctionalities - Click on Contact Us link
[INFO ] 2019-05-28 09:58:55.315 [main] TestFunctionalities - Click on Contact Us link
[INFO ] 2019-05-28 09:59:53.940 [main] TestFunctionalities - Click on Contact Us link
[INFO ] 2019-05-28 09:59:54.299 [main] TestFunctionalities - Click on Contact Us link
[INFO ] 2019-05-28 10:01:51.011 [main] TestFunctionalities - Click on Contact Us link
[INFO ] 2019-05-28 10:01:51.331 [main] TestFunctionalities - Click on Contact Us link
[INFO ] 2019-05-28 10:07:37.639 [main] TestFunctionalities - Click on Contact Us link
[INFO ] 2019-05-28 10:07:37.972 [main] TestFunctionalities - Click on Contact Us link
[INFO ] 2019-05-28 10:09:08.847 [main] TestFunctionalities - Click on Contact Us link
[INFO ] 2019-05-28 10:09:09.186 [main] TestFunctionalities - Click on Contact Us link
[INFO ] 2019-05-28 10:13:15.197 [main] TestFunctionalities - Click on Contact Us link
[INFO ] 2019-05-28 10:19:38.260 [main] TestFunctionalities - Click on Contact Us link
[INFO ] 2019-05-28 10:21:08.456 [main] TestFunctionalities - Click on Contact Us link
[INFO ] 2019-05-28 10:21:08.792 [main] TestFunctionalities - Click on Contact Us link
[INFO ] 2019-05-28 10:21:08.908 [main] TestFunctionalities - Click on Contact Us link
[INFO ] 2019-05-28 10:23:15.532 [main] TestFunctionalities - Click on Contact Us link
[INFO ] 2019-05-28 10:23:15.860 [main] TestFunctionalities - Click on Contact Us link
[INFO ] 2019-05-28 10:23:15.995 [main] TestFunctionalities - Click on Contact Us link
[INFO ] 2019-05-28 10:29:44.136 [main] TestFunctionalities - Click on Contact Us link
[INFO ] 2019-05-28 10:29:44.508 [main] TestFunctionalities - Click on Contact Us link
[INFO ] 2019-05-28 10:29:44.668 [main] TestFunctionalities - Click on Contact Us link
[INFO ] 2019-05-28 10:29:44.876 [main] TestFunctionalities - Click on Contact Us link
[INFO ] 2019-05-28 10:30:44.240 [main] TestFunctionalities - Click on Contact Us link
[INFO ] 2019-05-28 10:30:44.595 [main] TestFunctionalities - Click on Contact Us link
[INFO ] 2019-05-28 10:30:44.727 [main] TestFunctionalities - Click on Contact Us link
[INFO ] 2019-05-28 10:35:18.597 [main] TestFunctionalities - Click on Contact Us link
[INFO ] 2019-05-28 10:35:18.934 [main] TestFunctionalities - Click on Contact Us link
[INFO ] 2019-05-28 10:35:19.068 [main] TestFunctionalities - Click on Contact Us link
[INFO ] 2019-05-28 10:35:19.328 [main] TestFunctionalities - Click on Contact Us link
[INFO ] 2019-05-28 10:35:50.433 [main] TestFunctionalities - Click on Contact Us link
[INFO ] 2019-05-28 10:35:50.802 [main] TestFunctionalities - Click on Contact Us link
[INFO ] 2019-05-28 10:35:51.120 [main] TestFunctionalities - Click on Contact Us link
[INFO ] 2019-05-28 10:35:51.232 [main] TestFunctionalities - Click on Contact Us link
[INFO ] 2019-05-28 10:54:28.012 [main] TestFunctionalities - Click on Contact Us link
[INFO ] 2019-05-28 10:54:28.381 [main] TestFunctionalities - Click on Contact Us link
[INFO ] 2019-05-28 10:54:28.530 [main] TestFunctionalities - Click on Contact Us link
[INFO ] 2019-05-28 10:54:28.787 [main] TestFunctionalities - Click on Contact Us link
[INFO ] 2019-05-28 10:54:34.750 [main] TestFunctionalities - Click on Contact Us link
[INFO ] 2019-05-28 10:54:35.598 [main] TestFunctionalities - Click on Contact Us link
[INFO ] 2019-05-28 10:54:45.738 [main] TestFunctionalities - Click on Contact Us link
[INFO ] 2019-05-28 10:55:59.667 [main] TestFunctionalities - Click on Contact Us link
[INFO ] 2019-05-28 10:56:00.015 [main] TestFunctionalities - Click on Contact Us link
[INFO ] 2019-05-28 10:56:00.141 [main] TestFunctionalities - Click on Contact Us link
[INFO ] 2019-05-28 10:56:00.404 [main] TestFunctionalities - Click on Contact Us link
[INFO ] 2019-05-28 10:56:05.674 [main] TestFunctionalities - Click on Contact Us link
[INFO ] 2019-05-28 10:56:48.109 [main] TestFunctionalities - Click on Contact Us link
[INFO ] 2019-05-28 10:56:48.436 [main] TestFunctionalities - Click on Contact Us link
[INFO ] 2019-05-28 10:56:48.577 [main] TestFunctionalities - Click on Contact Us link
[INFO ] 2019-05-28 10:56:48.859 [main] TestFunctionalities - Click on Contact Us link
[INFO ] 2019-05-28 10:56:54.162 [main] TestFunctionalities - Click on Contact Us link
[INFO ] 2019-05-28 10:56:55.045 [main] TestFunctionalities - Click on Contact Us link
[INFO ] 2019-05-28 10:57:05.218 [main] TestFunctionalities - Click on Contact Us link
[INFO ] 2019-05-28 10:57:41.445 [main] TestFunctionalities - Click on Contact Us link
[INFO ] 2019-05-28 10:57:42.240 [main] TestFunctionalities - Click on Contact Us link
[INFO ] 2019-05-28 10:57:52.415 [main] TestFunctionalities - Click on Contact Us link
[INFO ] 2019-05-28 10:58:56.111 [main] TestFunctionalities - Click on Contact Us link
[INFO ] 2019-05-28 10:58:56.816 [main] TestFunctionalities - Click on Contact Us link
[INFO ] 2019-05-28 10:59:06.996 [main] TestFunctionalities - Click on Contact Us link
[INFO ] 2019-05-28 10:59:43.088 [main] TestFunctionalities - Click on Contact Us link
[INFO ] 2019-05-28 10:59:43.803 [main] TestFunctionalities - Click on Contact Us link
[INFO ] 2019-05-28 10:59:44.013 [main] TestFunctionalities - Click on Contact Us link
[INFO ] 2019-05-28 11:00:41.710 [main] TestFunctionalities - Click on Contact Us link
[INFO ] 2019-05-28 11:00:42.060 [main] TestFunctionalities - Click on Submit button
[INFO ] 2019-05-28 11:00:42.081 [main] TestFunctionalities - Validating the no. of Mandatory fields
[INFO ] 2019-05-28 11:00:47.827 [main] TestFunctionalities - Validating Contact-Us section in Homepage
[INFO ] 2019-05-28 11:00:47.921 [main] TestFunctionalities - Click on Contact Us link
[INFO ] 2019-05-28 11:00:53.074 [main] TestFunctionalities - Click on Contact Us link
[INFO ] 2019-05-28 11:00:53.436 [main] TestFunctionalities - Click on Contact Us link
[INFO ] 2019-05-28 11:00:58.486 [main] TestFunctionalities - Click on Contact Us link
[INFO ] 2019-05-28 11:00:58.826 [main] TestFunctionalities - Click on Contact Us link
[INFO ] 2019-05-28 11:00:58.973 [main] TestFunctionalities - Click on Contact Us link
[INFO ] 2019-05-28 11:00:59.258 [main] TestFunctionalities - Click on Contact Us link
[INFO ] 2019-05-28 11:01:05.160 [main] TestFunctionalities - Validating Mashreq News section in Homepage
[INFO ] 2019-05-28 11:01:11.255 [main] TestFunctionalities - Click on Contact Us link
[INFO ] 2019-05-28 11:01:12.057 [main] TestFunctionalities - Click on Contact Us link
[INFO ] 2019-05-28 11:01:12.302 [main] TestFunctionalities - Click on Contact Us link
[INFO ] 2019-05-28 11:01:19.024 [main] TestFunctionalities - Validating if the Navigation Bar is displayed or not
[INFO ] 2019-05-28 11:01:19.042 [main] TestFunctionalities - Validating if the Corporate Tab is displayed or not
[INFO ] 2019-05-28 11:01:19.061 [main] TestFunctionalities - Validating if the Business Tab is displayed or not
[INFO ] 2019-05-28 11:01:19.079 [main] TestFunctionalities - Validating if the International Tab is displayed or not
[INFO ] 2019-05-28 11:01:19.097 [main] TestFunctionalities - Validating if the Private Banking Tab is displayed or not
[INFO ] 2019-05-28 11:01:19.119 [main] TestFunctionalities - Validating if the Al Islami Tab is displayed or not
[INFO ] 2019-05-28 11:01:19.139 [main] TestFunctionalities - Validating if the Gold Tab is displayed or not
[INFO ] 2019-05-28 11:01:19.157 [main] TestFunctionalities - Validating if the Mashreq Securities Tab is displayed or not
[INFO ] 2019-05-28 11:01:19.174 [main] TestFunctionalities - Validating if the Mashreq Capital Tab is displayed or not
[INFO ] 2019-05-28 11:01:19.194 [main] TestFunctionalities - Validating if the Mashreq Global Services Tab is displayed or not
[INFO ] 2019-05-28 12:01:05.955 [main] TestFunctionalities - Click on Contact Us link
[INFO ] 2019-05-28 12:02:05.932 [main] TestFunctionalities - Click on Contact Us link
[INFO ] 2019-05-28 12:05:23.110 [main] TestFunctionalities - Click on Contact Us link
[INFO ] 2019-05-28 12:05:23.501 [main] TestFunctionalities - Click on Submit button
[INFO ] 2019-05-28 12:05:23.575 [main] TestFunctionalities - Validating the no. of Mandatory fields
[INFO ] 2019-05-28 12:05:28.873 [main] TestFunctionalities - Validating Contact-Us section in Homepage
[INFO ] 2019-05-28 12:05:28.970 [main] TestFunctionalities - Click on Contact Us link
[INFO ] 2019-05-28 12:05:37.588 [main] TestFunctionalities - Click on Contact Us link
[INFO ] 2019-05-28 12:05:38.049 [main] TestFunctionalities - Select dropdown, I am Looking Into
[INFO ] 2019-05-28 12:05:43.942 [main] TestFunctionalities - Click on Contact Us link
[INFO ] 2019-05-28 12:05:44.401 [main] TestFunctionalities - Select Initial Sub Product Dropdown
[INFO ] 2019-05-28 12:05:44.537 [main] TestFunctionalities - Select dropdown link
[INFO ] 2019-05-28 12:05:44.810 [main] TestFunctionalities - Select dropdown sub product
[INFO ] 2019-05-28 12:05:50.149 [main] TestFunctionalities - Validating Mashreq News section in Homepage
[INFO ] 2019-05-28 12:05:54.854 [main] TestFunctionalities - Click on Contact Us link
[INFO ] 2019-05-28 12:07:38.468 [main] TestFunctionalities - Click on Contact Us link
[INFO ] 2019-05-28 12:07:38.867 [main] TestFunctionalities - Click on Submit button
[INFO ] 2019-05-28 12:07:38.933 [main] TestFunctionalities - Validating the no. of Mandatory fields
[INFO ] 2019-05-28 12:07:42.574 [main] TestFunctionalities - Validating Contact-Us section in Homepage
[INFO ] 2019-05-28 12:07:43.683 [main] TestFunctionalities - Click on Contact Us link
[INFO ] 2019-05-28 12:07:49.410 [main] TestFunctionalities - Click on Contact Us link
[INFO ] 2019-05-28 12:07:49.784 [main] TestFunctionalities - Select dropdown, I am Looking Into
[INFO ] 2019-05-28 12:07:56.178 [main] TestFunctionalities - Click on Contact Us link
[INFO ] 2019-05-28 12:07:56.529 [main] TestFunctionalities - Select Initial Sub Product Dropdown
[INFO ] 2019-05-28 12:07:56.916 [main] TestFunctionalities - Select dropdown link
[INFO ] 2019-05-28 12:07:57.035 [main] TestFunctionalities - Select dropdown sub product
[INFO ] 2019-05-28 12:08:12.323 [main] TestFunctionalities - Validating Mashreq News section in Homepage
[INFO ] 2019-05-28 12:08:19.767 [main] TestFunctionalities - Click on Contact Us link
[INFO ] 2019-05-28 12:08:20.538 [main] TestFunctionalities - Entering invalid phone number
[INFO ] 2019-05-28 12:08:20.737 [main] TestFunctionalities - Entering valid phone number
[INFO ] 2019-05-28 12:08:26.807 [main] TestFunctionalities - Validating if the Navigation Bar is displayed or not
[INFO ] 2019-05-28 12:08:26.851 [main] TestFunctionalities - Validating if the Corporate Tab is displayed or not
[INFO ] 2019-05-28 12:08:26.877 [main] TestFunctionalities - Validating if the Business Tab is displayed or not
[INFO ] 2019-05-28 12:08:26.913 [main] TestFunctionalities - Validating if the International Tab is displayed or not
[INFO ] 2019-05-28 12:08:26.936 [main] TestFunctionalities - Validating if the Private Banking Tab is displayed or not
[INFO ] 2019-05-28 12:08:26.956 [main] TestFunctionalities - Validating if the Al Islami Tab is displayed or not
[INFO ] 2019-05-28 12:08:26.979 [main] TestFunctionalities - Validating if the Gold Tab is displayed or not
[INFO ] 2019-05-28 12:08:27.000 [main] TestFunctionalities - Validating if the Mashreq Securities Tab is displayed or not
[INFO ] 2019-05-28 12:08:27.019 [main] TestFunctionalities - Validating if the Mashreq Capital Tab is displayed or not
[INFO ] 2019-05-28 12:08:27.038 [main] TestFunctionalities - Validating if the Mashreq Global Services Tab is displayed or not
[INFO ] 2019-05-28 12:09:43.467 [main] TestFunctionalities - Click on Contact Us link
[INFO ] 2019-05-28 12:09:43.869 [main] TestFunctionalities - Click on Submit button
[INFO ] 2019-05-28 12:09:43.959 [main] TestFunctionalities - Validating the no. of Mandatory fields
[INFO ] 2019-05-28 12:09:49.335 [main] TestFunctionalities - Validating Contact-Us section in Homepage
[INFO ] 2019-05-28 12:09:49.425 [main] TestFunctionalities - Click on Contact Us link
[INFO ] 2019-05-28 12:09:56.129 [main] TestFunctionalities - Click on Contact Us link
[INFO ] 2019-05-28 12:09:56.483 [main] TestFunctionalities - Select dropdown, I am Looking Into
[INFO ] 2019-05-28 12:10:02.430 [main] TestFunctionalities - Click on Contact Us link
[INFO ] 2019-05-28 12:10:02.796 [main] TestFunctionalities - Select Initial Sub Product Dropdown
[INFO ] 2019-05-28 12:10:02.986 [main] TestFunctionalities - Select dropdown link
[INFO ] 2019-05-28 12:10:03.272 [main] TestFunctionalities - Select dropdown sub product
[INFO ] 2019-05-28 12:14:54.501 [main] TestFunctionalities - Click on Contact Us link
[INFO ] 2019-05-28 12:14:54.879 [main] TestFunctionalities - Click on Submit button
[INFO ] 2019-05-28 12:14:54.926 [main] TestFunctionalities - Validating the no. of Mandatory fields
[INFO ] 2019-05-28 12:15:00.816 [main] TestFunctionalities - Validating Contact-Us section in Homepage
[INFO ] 2019-05-28 12:15:00.899 [main] TestFunctionalities - Click on Contact Us link
[INFO ] 2019-05-28 12:15:04.349 [main] TestFunctionalities - Click on Contact Us link
[INFO ] 2019-05-28 12:18:49.099 [main] TestFunctionalities - Click on Contact Us link
[INFO ] 2019-05-28 12:18:49.507 [main] TestFunctionalities - Click on Submit button
[INFO ] 2019-05-28 12:18:49.579 [main] TestFunctionalities - Validating the no. of Mandatory fields
[INFO ] 2019-05-28 12:18:56.112 [main] TestFunctionalities - Validating Contact-Us section in Homepage
[INFO ] 2019-05-28 12:18:56.220 [main] TestFunctionalities - Click on Contact Us link
[INFO ] 2019-05-28 12:19:01.556 [main] TestFunctionalities - Click on Contact Us link
[INFO ] 2019-05-28 12:19:01.899 [main] TestFunctionalities - Select dropdown, I am Looking Into
[INFO ] 2019-05-28 12:19:09.148 [main] TestFunctionalities - Click on Contact Us link
[INFO ] 2019-05-28 12:19:09.509 [main] TestFunctionalities - Select Initial Sub Product Dropdown
[INFO ] 2019-05-28 12:19:09.619 [main] TestFunctionalities - Select dropdown link
[INFO ] 2019-05-28 12:19:09.938 [main] TestFunctionalities - Select dropdown sub product
[INFO ] 2019-05-28 12:19:15.928 [main] TestFunctionalities - Validating Mashreq News section in Homepage
[INFO ] 2019-05-28 12:19:21.234 [main] TestFunctionalities - Click on Contact Us link
[INFO ] 2019-05-28 12:19:22.180 [main] TestFunctionalities - Entering invalid phone number
[INFO ] 2019-05-28 12:19:22.408 [main] TestFunctionalities - Entering valid phone number
[INFO ] 2019-05-28 12:19:29.087 [main] TestFunctionalities - Validating if the Navigation Bar is displayed or not
[INFO ] 2019-05-28 12:19:29.109 [main] TestFunctionalities - Validating if the Corporate Tab is displayed or not
[INFO ] 2019-05-28 12:19:29.132 [main] TestFunctionalities - Validating if the Business Tab is displayed or not
[INFO ] 2019-05-28 12:19:29.160 [main] TestFunctionalities - Validating if the International Tab is displayed or not
[INFO ] 2019-05-28 12:19:29.188 [main] TestFunctionalities - Validating if the Private Banking Tab is displayed or not
[INFO ] 2019-05-28 12:19:29.210 [main] TestFunctionalities - Validating if the Al Islami Tab is displayed or not
[INFO ] 2019-05-28 12:19:29.231 [main] TestFunctionalities - Validating if the Gold Tab is displayed or not
[INFO ] 2019-05-28 12:19:29.253 [main] TestFunctionalities - Validating if the Mashreq Securities Tab is displayed or not
[INFO ] 2019-05-28 12:19:29.274 [main] TestFunctionalities - Validating if the Mashreq Capital Tab is displayed or not
[INFO ] 2019-05-28 12:19:29.296 [main] TestFunctionalities - Validating if the Mashreq Global Services Tab is displayed or not
[INFO ] 2019-05-28 12:21:54.756 [main] TestFunctionalities - Click on Contact Us link
[INFO ] 2019-05-28 12:21:55.138 [main] TestFunctionalities - Click on Submit button
[INFO ] 2019-05-28 12:21:55.163 [main] TestFunctionalities - Validating the no. of Mandatory fields
[INFO ] 2019-05-28 12:22:00.036 [main] TestFunctionalities - Validating Contact-Us section in Homepage
[INFO ] 2019-05-28 12:22:00.191 [main] TestFunctionalities - Click on Contact Us link
[INFO ] 2019-05-28 12:22:06.372 [main] TestFunctionalities - Click on Contact Us link
[INFO ] 2019-05-28 12:22:06.727 [main] TestFunctionalities - Select dropdown, I am Looking Into
[INFO ] 2019-05-28 12:22:14.931 [main] TestFunctionalities - Click on Contact Us link
[INFO ] 2019-05-28 12:24:16.509 [main] TestFunctionalities - Click on Contact Us link
[INFO ] 2019-05-28 12:24:16.885 [main] TestFunctionalities - Click on Submit button
[INFO ] 2019-05-28 12:24:16.932 [main] TestFunctionalities - Validating the no. of Mandatory fields
[INFO ] 2019-05-28 12:24:23.194 [main] TestFunctionalities - Validating Contact-Us section in Homepage
[INFO ] 2019-05-28 12:24:23.287 [main] TestFunctionalities - Click on Contact Us link
[INFO ] 2019-05-28 12:24:28.128 [main] TestFunctionalities - Click on Contact Us link
[INFO ] 2019-05-28 12:27:04.421 [main] TestFunctionalities - Click on Contact Us link
[INFO ] 2019-05-28 12:27:04.803 [main] TestFunctionalities - Click on Submit button
[INFO ] 2019-05-28 12:27:04.921 [main] TestFunctionalities - Validating the no. of Mandatory fields
[INFO ] 2019-05-28 12:27:10.360 [main] TestFunctionalities - Validating Contact-Us section in Homepage
[INFO ] 2019-05-28 12:27:10.447 [main] TestFunctionalities - Click on Contact Us link
[INFO ] 2019-05-28 12:27:13.961 [main] TestFunctionalities - Click on Contact Us link
[INFO ] 2019-05-28 12:30:13.140 [main] TestFunctionalities - Click on Contact Us link
[INFO ] 2019-05-28 12:30:13.511 [main] TestFunctionalities - Click on Submit button
[INFO ] 2019-05-28 12:30:13.561 [main] TestFunctionalities - Validating the no. of Mandatory fields
[INFO ] 2019-05-28 12:30:20.351 [main] TestFunctionalities - Validating Contact-Us section in Homepage
[INFO ] 2019-05-28 12:30:20.421 [main] TestFunctionalities - Click on Contact Us link
[INFO ] 2019-05-28 12:30:28.316 [main] TestFunctionalities - Click on Contact Us link
[INFO ] 2019-05-28 12:30:28.681 [main] TestFunctionalities - Select dropdown, I am Looking Into
[INFO ] 2019-05-28 12:32:02.371 [main] TestFunctionalities - Click on Contact Us link
[INFO ] 2019-05-28 12:32:02.748 [main] TestFunctionalities - Click on Submit button
[INFO ] 2019-05-28 12:32:02.773 [main] TestFunctionalities - Validating the no. of Mandatory fields
[INFO ] 2019-05-28 12:32:07.930 [main] TestFunctionalities - Validating Contact-Us section in Homepage
[INFO ] 2019-05-28 12:32:08.014 [main] TestFunctionalities - Click on Contact Us link
[INFO ] 2019-05-28 12:32:13.037 [main] TestFunctionalities - Click on Contact Us link
[INFO ] 2019-05-28 12:32:13.378 [main] TestFunctionalities - Select dropdown, I am Looking Into
[INFO ] 2019-05-28 12:32:18.496 [main] TestFunctionalities - Click on Contact Us link
[INFO ] 2019-05-28 12:32:18.848 [main] TestFunctionalities - Select Initial Sub Product Dropdown
[INFO ] 2019-05-28 12:32:18.936 [main] TestFunctionalities - Select dropdown link
[INFO ] 2019-05-28 12:32:19.043 [main] TestFunctionalities - Select dropdown sub product
[INFO ] 2019-05-28 12:32:23.879 [main] TestFunctionalities - Validating Mashreq News section in Homepage
[INFO ] 2019-05-28 12:32:31.029 [main] TestFunctionalities - Click on Contact Us link
[INFO ] 2019-05-28 12:32:31.982 [main] TestFunctionalities - Entering invalid phone number
[INFO ] 2019-05-28 12:32:32.189 [main] TestFunctionalities - Entering valid phone number
[INFO ] 2019-05-28 12:32:39.647 [main] TestFunctionalities - Validating if the Navigation Bar is displayed or not
[INFO ] 2019-05-28 12:32:39.670 [main] TestFunctionalities - Validating if the Corporate Tab is displayed or not
[INFO ] 2019-05-28 12:32:39.694 [main] TestFunctionalities - Validating if the Business Tab is displayed or not
[INFO ] 2019-05-28 12:32:39.735 [main] TestFunctionalities - Validating if the International Tab is displayed or not
[INFO ] 2019-05-28 12:32:39.764 [main] TestFunctionalities - Validating if the Private Banking Tab is displayed or not
[INFO ] 2019-05-28 12:32:39.788 [main] TestFunctionalities - Validating if the Al Islami Tab is displayed or not
[INFO ] 2019-05-28 12:32:39.812 [main] TestFunctionalities - Validating if the Gold Tab is displayed or not
[INFO ] 2019-05-28 12:32:39.835 [main] TestFunctionalities - Validating if the Mashreq Securities Tab is displayed or not
[INFO ] 2019-05-28 12:32:39.856 [main] TestFunctionalities - Validating if the Mashreq Capital Tab is displayed or not
[INFO ] 2019-05-28 12:32:39.880 [main] TestFunctionalities - Validating if the Mashreq Global Services Tab is displayed or not
[INFO ] 2019-05-28 12:32:58.467 [main] TestFunctionalities - Click on Contact Us link
[INFO ] 2019-05-28 12:32:59.255 [main] TestFunctionalities - Click on Submit button
[INFO ] 2019-05-28 12:32:59.292 [main] TestFunctionalities - Validating the no. of Mandatory fields
[INFO ] 2019-05-28 12:37:58.025 [TestNG-test=Test-Execution-6] TestFunctionalities - Click on Contact Us link
[INFO ] 2019-05-28 12:37:58.483 [TestNG-test=Test-Execution-1] TestFunctionalities - Click on Contact Us link
[INFO ] 2019-05-28 12:37:58.562 [TestNG-test=Test-Execution-4] TestFunctionalities - Click on Contact Us link
[INFO ] 2019-05-28 12:37:58.578 [TestNG-test=Test-Execution-7] TestFunctionalities - Validating if the Navigation Bar is displayed or not
[INFO ] 2019-05-28 12:37:58.623 [TestNG-test=Test-Execution-2] TestFunctionalities - Validating Contact-Us section in Homepage
[INFO ] 2019-05-28 12:37:58.763 [TestNG-test=Test-Execution-7] TestFunctionalities - Validating if the Corporate Tab is displayed or not
[INFO ] 2019-05-28 12:37:58.814 [TestNG-test=Test-Execution-2] TestFunctionalities - Click on Contact Us link
[INFO ] 2019-05-28 12:37:59.277 [TestNG-test=Test-Execution-1] TestFunctionalities - Click on Submit button
[INFO ] 2019-05-28 12:39:58.624 [TestNG-test=Test-Execution-2] TestFunctionalities - Validating Contact-Us section in Homepage
[INFO ] 2019-05-28 12:39:58.659 [TestNG-test=Test-Execution-7] TestFunctionalities - Validating if the Navigation Bar is displayed or not
[INFO ] 2019-05-28 12:39:59.326 [TestNG-test=Test-Execution-1] TestFunctionalities - Click on Contact Us link
[INFO ] 2019-05-28 12:39:59.412 [TestNG-test=Test-Execution-4] TestFunctionalities - Click on Contact Us link
[INFO ] 2019-05-28 12:39:59.609 [TestNG-test=Test-Execution-6] TestFunctionalities - Click on Contact Us link
[INFO ] 2019-05-28 12:39:59.660 [TestNG-test=Test-Execution-3] TestFunctionalities - Click on Contact Us link
[INFO ] 2019-05-28 12:39:59.939 [TestNG-test=Test-Execution-2] TestFunctionalities - Click on Contact Us link
[INFO ] 2019-05-28 12:39:59.960 [TestNG-test=Test-Execution-7] TestFunctionalities - Validating if the Corporate Tab is displayed or not
[INFO ] 2019-05-28 12:41:07.276 [TestNG-tests-1] TestFunctionalities - Click on Contact Us link
[INFO ] 2019-05-28 12:41:07.888 [TestNG-tests-1] TestFunctionalities - Click on Submit button
[INFO ] 2019-05-28 12:41:08.032 [TestNG-tests-1] TestFunctionalities - Validating the no. of Mandatory fields
[INFO ] 2019-05-28 12:41:16.095 [TestNG-tests-1] TestFunctionalities - Validating Contact-Us section in Homepage
[INFO ] 2019-05-28 12:41:16.205 [TestNG-tests-1] TestFunctionalities - Click on Contact Us link
[INFO ] 2019-05-28 12:41:22.692 [TestNG-tests-1] TestFunctionalities - Click on Contact Us link
[INFO ] 2019-05-28 12:41:23.095 [TestNG-tests-1] TestFunctionalities - Select dropdown, I am Looking Into
[INFO ] 2019-05-28 12:41:32.294 [TestNG-tests-1] TestFunctionalities - Click on Contact Us link
[INFO ] 2019-05-28 12:41:32.401 [TestNG-tests-1] TestFunctionalities - Select Initial Sub Product Dropdown
[INFO ] 2019-05-28 12:41:32.895 [TestNG-tests-1] TestFunctionalities - Select dropdown link
[INFO ] 2019-05-28 12:41:33.046 [TestNG-tests-1] TestFunctionalities - Select dropdown sub product
[INFO ] 2019-05-28 12:41:40.695 [TestNG-tests-1] TestFunctionalities - Validating Mashreq News section in Homepage
[INFO ] 2019-05-28 12:41:48.295 [TestNG-tests-1] TestFunctionalities - Click on Contact Us link
[INFO ] 2019-05-28 12:41:49.364 [TestNG-tests-1] TestFunctionalities - Entering invalid phone number
[INFO ] 2019-05-28 12:41:49.711 [TestNG-tests-1] TestFunctionalities - Entering valid phone number
[INFO ] 2019-05-28 12:41:56.286 [TestNG-tests-1] TestFunctionalities - Validating if the Navigation Bar is displayed or not
[INFO ] 2019-05-28 12:41:56.324 [TestNG-tests-1] TestFunctionalities - Validating if the Corporate Tab is displayed or not
[INFO ] 2019-05-28 12:41:56.396 [TestNG-tests-1] TestFunctionalities - Validating if the Business Tab is displayed or not
[INFO ] 2019-05-28 12:41:56.458 [TestNG-tests-1] TestFunctionalities - Validating if the International Tab is displayed or not
[INFO ] 2019-05-28 12:41:56.523 [TestNG-tests-1] TestFunctionalities - Validating if the Private Banking Tab is displayed or not
[INFO ] 2019-05-28 12:41:56.564 [TestNG-tests-1] TestFunctionalities - Validating if the Al Islami Tab is displayed or not
[INFO ] 2019-05-28 12:41:56.629 [TestNG-tests-1] TestFunctionalities - Validating if the Gold Tab is displayed or not
[INFO ] 2019-05-28 12:41:56.698 [TestNG-tests-1] TestFunctionalities - Validating if the Mashreq Securities Tab is displayed or not
[INFO ] 2019-05-28 12:41:56.756 [TestNG-tests-1] TestFunctionalities - Validating if the Mashreq Capital Tab is displayed or not
[INFO ] 2019-05-28 12:41:56.842 [TestNG-tests-1] TestFunctionalities - Validating if the Mashreq Global Services Tab is displayed or not
